
> mission-control@1.3.0 dev /home/clawd/.openclaw/workspace/mission-control
> next dev --hostname 127.0.0.1 --port ${PORT:-3000}

⚠ Warning: Next.js inferred your workspace root, but it may not be correct.
 We detected multiple lockfiles and selected the directory of /home/clawd/.openclaw/workspace/package-lock.json as the root directory.
 To silence this warning, set `turbopack.root` in your Next.js config, or consider removing one of the lockfiles if it's not needed.
   See https://nextjs.org/docs/app/api-reference/config/next-config-js/turbopack#root-directory for more information.
 Detected additional lockfiles: 
   * /home/clawd/.openclaw/workspace/mission-control/pnpm-lock.yaml

▲ Next.js 16.1.6 (Turbopack)
- Local:         http://127.0.0.1:3001
- Network:       http://127.0.0.1:3001
- Environments: .env

✓ Starting...
✓ Ready in 1224ms
 ELIFECYCLE  Command failed.
[?25h

> mission-control@1.3.0 dev /home/clawd/.openclaw/workspace/mission-control
> next dev --hostname 127.0.0.1 --port ${PORT:-3000}

⚠ Warning: Next.js inferred your workspace root, but it may not be correct.
 We detected multiple lockfiles and selected the directory of /home/clawd/.openclaw/workspace/package-lock.json as the root directory.
 To silence this warning, set `turbopack.root` in your Next.js config, or consider removing one of the lockfiles if it's not needed.
   See https://nextjs.org/docs/app/api-reference/config/next-config-js/turbopack#root-directory for more information.
 Detected additional lockfiles: 
   * /home/clawd/.openclaw/workspace/mission-control/pnpm-lock.yaml

▲ Next.js 16.1.6 (Turbopack)
- Local:         http://127.0.0.1:3001
- Network:       http://127.0.0.1:3001
- Environments: .env

✓ Starting...
✓ Ready in 670ms
